Determining if the pthread_create exist failed with the following output:
Change Dir: /root/MONCoin/build/rocksdb/CMakeFiles/CMakeTmp

Run Build Command:"/usr/bin/make" "cmTC_23beb/fast"
/usr/bin/make -f CMakeFiles/cmTC_23beb.dir/build.make CMakeFiles/cmTC_23beb.dir/build
make[1]: Entering directory '/root/MONCoin/build/rocksdb/CMakeFiles/CMakeTmp'
Building C object CMakeFiles/cmTC_23beb.dir/CheckSymbolExists.c.o
/usr/bin/cc    -o CMakeFiles/cmTC_23beb.dir/CheckSymbolExists.c.o   -c /root/MONCoin/build/rocksdb/CMakeFiles/CMakeTmp/CheckSymbolExists.c
Linking C executable cmTC_23beb
/usr/bin/cmake -E cmake_link_script CMakeFiles/cmTC_23beb.dir/link.txt --verbose=1
/usr/bin/cc      -rdynamic CMakeFiles/cmTC_23beb.dir/CheckSymbolExists.c.o  -o cmTC_23beb 
CMakeFiles/cmTC_23beb.dir/CheckSymbolExists.c.o: In function `main':
CheckSymbolExists.c:(.text+0x1b): undefined reference to `pthread_create'
collect2: error: ld returned 1 exit status
CMakeFiles/cmTC_23beb.dir/build.make:97: recipe for target 'cmTC_23beb' failed
make[1]: *** [cmTC_23beb] Error 1
make[1]: Leaving directory '/root/MONCoin/build/rocksdb/CMakeFiles/CMakeTmp'
Makefile:126: recipe for target 'cmTC_23beb/fast' failed
make: *** [cmTC_23beb/fast] Error 2

File /root/MONCoin/build/rocksdb/CMakeFiles/CMakeTmp/CheckSymbolExists.c:
/* */
#include <pthread.h>

int main(int argc, char** argv)
{
  (void)argv;
#ifndef pthread_create
  return ((int*)(&pthread_create))[argc];
#else
  (void)argc;
  return 0;
#endif
}

Determining if the function pthread_create exists in the pthreads failed with the following output:
Change Dir: /root/MONCoin/build/rocksdb/CMakeFiles/CMakeTmp

Run Build Command:"/usr/bin/make" "cmTC_9329f/fast"
/usr/bin/make -f CMakeFiles/cmTC_9329f.dir/build.make CMakeFiles/cmTC_9329f.dir/build
make[1]: Entering directory '/root/MONCoin/build/rocksdb/CMakeFiles/CMakeTmp'
Building C object CMakeFiles/cmTC_9329f.dir/CheckFunctionExists.c.o
/usr/bin/cc   -DCHECK_FUNCTION_EXISTS=pthread_create   -o CMakeFiles/cmTC_9329f.dir/CheckFunctionExists.c.o   -c /usr/share/cmake-3.10/Modules/CheckFunctionExists.c
Linking C executable cmTC_9329f
/usr/bin/cmake -E cmake_link_script CMakeFiles/cmTC_9329f.dir/link.txt --verbose=1
/usr/bin/cc  -DCHECK_FUNCTION_EXISTS=pthread_create    -rdynamic CMakeFiles/cmTC_9329f.dir/CheckFunctionExists.c.o  -o cmTC_9329f -lpthreads 
/usr/bin/ld: cannot find -lpthreads
collect2: error: ld returned 1 exit status
CMakeFiles/cmTC_9329f.dir/build.make:97: recipe for target 'cmTC_9329f' failed
make[1]: *** [cmTC_9329f] Error 1
make[1]: Leaving directory '/root/MONCoin/build/rocksdb/CMakeFiles/CMakeTmp'
Makefile:126: recipe for target 'cmTC_9329f/fast' failed
make: *** [cmTC_9329f/fast] Error 2


